[backblue.gif]
[fade.gif]
[index.html]
[globalvoicesmun.my.canva.site/26387fa4f5b1e3f7b6217b27d79bf264.png]
[globalvoicesmun.my.canva.site/2d0b56e7e51cf11036ad8734bdb67e2d.png]
[globalvoicesmun.my.canva.site/725b756a69a7d4c235070e51acd85560.png]
[globalvoicesmun.my.canva.site/fonts/f8f199f09526f79e87644ed227e0f651.woff2]
[globalvoicesmun.my.canva.site/fonts/450d7530ab7aee079f9640de21748c69.woff2]
[globalvoicesmun.my.canva.site/fonts/2379fff25d9a69a820a8f953d69f7539.woff2]
[globalvoicesmun.my.canva.site/fonts/fc4ecf59d5c29b3e2d9cf723d0affa88.woff2]
[globalvoicesmun.my.canva.site/fonts/33696a29f45c1b554a4c12443b998d21.woff2]
[globalvoicesmun.my.canva.site/images/45d4eeb23b3af859b7a68eecdefb1461.png]
[globalvoicesmun.my.canva.site/'data_image/png;base64,']
[globalvoicesmun.my.canva.site/images/f675a9ce96937cc955bbd269ad578ce4.svg]
[globalvoicesmun.my.canva.site/images/0991e55fa025f428f2deac5f5a583b59.png]
[globalvoicesmun.my.canva.site/images/83a4a330c87bc675bcdb57df26441987.png]
[globalvoicesmun.my.canva.site/images/b9d3bc70f84570cd456a8382c391faf6.png]
[globalvoicesmun.my.canva.site/images/71a60225b51552994a1586c3a9f6536d.png]
[globalvoicesmun.my.canva.site/images/d6459cf0a70f0ed6040954dcda1e8634.png]
[globalvoicesmun.my.canva.site/images/1f3f484d0cfb2523e0dee5cd68616b10.png]
[globalvoicesmun.my.canva.site/images/db3979e8d2c9eb8f1c59920ae4b1f420.png]
[globalvoicesmun.my.canva.site/images/43d5fd12bb2ac7f661c880c8378be206.png]
[globalvoicesmun.my.canva.site/images/0a554dc098d4f36df32e774b9a9e516a.png]
[globalvoicesmun.my.canva.site/images/143ed3b8f64c7298c2670efe4d3a6325.png]
[globalvoicesmun.my.canva.site/index.html]
[globalvoicesmun.my.canva.site/'data_image/png;base64,'.html]
[globalvoicesmun.my.canva.site/images/f675a9ce96937cc955bbd269ad578ce4.svg]
[globalvoicesmun.my.canva.site/js/939898b427480d700449229ff00dbb8a6f9f77442b532f697866e6914ab8843a.js]
